<?xml version="1.0" encoding="UTF-8"?>
<testng-results skipped="0" failed="0" ignored="0" total="1" passed="1">
  <reporter-output>
  </reporter-output>
  <suite name="Suite" duration-ms="8427" started-at="2018-03-24T19:15:47Z" finished-at="2018-03-24T19:15:56Z">
    <groups>
    </groups>
    <test name="Test" duration-ms="8427" started-at="2018-03-24T19:15:47Z" finished-at="2018-03-24T19:15:56Z">
      <class name="TestPackage.NewTest">
        <test-method status="PASS" signature="beforeTest()[pri:0, instance:TestPackage.NewTest@1e88b3c]" name="beforeTest" is-config="true" duration-ms="6177" started-at="2018-03-24T19:15:47Z" finished-at="2018-03-24T19:15:53Z">
          <reporter-output>
          </reporter-output>
        </test-method> <!-- beforeTest -->
        <test-method status="PASS" signature="mavenTest()[pri:0, instance:TestPackage.NewTest@1e88b3c]" name="mavenTest" duration-ms="1521" started-at="2018-03-24T19:15:54Z" finished-at="2018-03-24T19:15:55Z">
          <reporter-output>
          </reporter-output>
        </test-method> <!-- mavenTest -->
        <test-method status="PASS" signature="afterTest()[pri:0, instance:TestPackage.NewTest@1e88b3c]" name="afterTest" is-config="true" duration-ms="676" started-at="2018-03-24T19:15:55Z" finished-at="2018-03-24T19:15:56Z">
          <reporter-output>
          </reporter-output>
        </test-method> <!-- afterTest -->
      </class> <!-- TestPackage.NewTest -->
    </test> <!-- Test -->
  </suite> <!-- Suite -->
</testng-results>
